Using pre-set license
Built from '2020.2/release' branch; Version is '2020.2.1f1 (270dd8c3da1c) revision 2559448'; Using compiler version '192528614'; Build Type 'Release'
OS: 'Windows 10  (10.0.0) 64bit' Language: 'en' Physical Memory: 16334 MB
BatchMode: 1, IsHumanControllingUs: 0, StartBugReporterOnCrash: 0, Is64bit: 1, IsPro: 0

 COMMAND LINE ARGUMENTS:
C:\Program Files\Unity\Hub\Editor\2020.2.1f1\Editor\Unity.exe
-adb2
-batchMode
-noUpm
-name
AssetImportWorker0
-projectPath
C:/Users/colli/Documents/Repos/Rockband/Rhythmic
-logFile
Logs/AssetImportWorker0.log
-srvPort
61748
Successfully changed project path to: C:/Users/colli/Documents/Repos/Rockband/Rhythmic
C:/Users/colli/Documents/Repos/Rockband/Rhythmic
Using Asset Import Pipeline V2.
Refreshing native plugins compatible for Editor in 52.73 ms, found 0 plugins.
Preloading 0 native plugins for Editor in 0.00 ms.
Initialize engine version: 2020.2.1f1 (270dd8c3da1c)
[Subsystems] Discovering subsystems at path C:/Program Files/Unity/Hub/Editor/2020.2.1f1/Editor/Data/Resources/UnitySubsystems
[Subsystems] Discovering subsystems at path C:/Users/colli/Documents/Repos/Rockband/Rhythmic/Assets
GfxDevice: creating device client; threaded=0
Direct3D:
    Version:  Direct3D 11.0 [level 11.1]
    Renderer: NVIDIA GeForce RTX 3060 Ti (ID=0x2486)
    Vendor:   
    VRAM:     8050 MB
    Driver:   30.0.14.7111
Initialize mono
Mono path[0] = 'C:/Program Files/Unity/Hub/Editor/2020.2.1f1/Editor/Data/Managed'
Mono path[1] = 'C:/Program Files/Unity/Hub/Editor/2020.2.1f1/Editor/Data/MonoBleedingEdge/lib/mono/unityjit'
Mono config path = 'C:/Program Files/Unity/Hub/Editor/2020.2.1f1/Editor/Data/MonoBleedingEdge/etc'
Using monoOptions --debugger-agent=transport=dt_socket,embedding=1,server=y,suspend=n,address=127.0.0.1:56960
Begin MonoManager ReloadAssembly
Registering precompiled unity dll's ...
Register platform support module: C:/Program Files/Unity/Hub/Editor/2020.2.1f1/Editor/Data/PlaybackEngines/WebGLSupport/UnityEditor.WebGL.Extensions.dll
Register platform support module: C:/Program Files/Unity/Hub/Editor/2020.2.1f1/Editor/Data/PlaybackEngines/WindowsStandaloneSupport/UnityEditor.WindowsStandalone.Extensions.dll
Registered in 0.002670 seconds.
Native extension for WindowsStandalone target not found
Native extension for WebGL target not found
Refreshing native plugins compatible for Editor in 47.41 ms, found 0 plugins.
Preloading 0 native plugins for Editor in 0.00 ms.
Invoked RoslynAnalysisRunner static constructor.
RoslynAnalysisRunner will not be running.
RoslynAnalysisRunner has terminated.
Mono: successfully reloaded assembly
- Completed reload, in  1.219 seconds
Platform modules already initialized, skipping
Registering precompiled user dll's ...
Registered in 0.004208 seconds.
Begin MonoManager ReloadAssembly
Native extension for WindowsStandalone target not found
Native extension for WebGL target not found
Refreshing native plugins compatible for Editor in 0.52 ms, found 0 plugins.
Preloading 0 native plugins for Editor in 0.00 ms.
Invoked RoslynAnalysisRunner static constructor.
RoslynAnalysisRunner will not be running.
RoslynAnalysisRunner has terminated.
Mono: successfully reloaded assembly
- Completed reload, in  0.838 seconds
Platform modules already initialized, skipping
========================================================================
Worker process is ready to serve import requests
Launched and connected shader compiler UnityShaderCompiler.exe after 0.04 seconds
Refreshing native plugins compatible for Editor in 0.85 ms, found 0 plugins.
Preloading 0 native plugins for Editor in 0.00 ms.
Unloading 1915 Unused Serialized files (Serialized files now loaded: 0)
System memory in use before: 84.8 MB.
System memory in use after: 84.9 MB.

Unloading 38 unused Assets to reduce memory usage. Loaded Objects now: 2347.
Total: 2.580000 ms (FindLiveObjects: 0.614300 ms CreateObjectMapping: 0.145100 ms MarkObjects: 1.745500 ms  DeleteObjects: 0.074000 ms)

========================================================================
Received Import Request.
  path: Assets/NewGame/NewLevel.unity
  artifactKey: Guid(7492f31545d800143971ddce28c0fca1) Importer(815301076,1909f56bfc062723c751e8b465ee728b)
Start importing Assets/NewGame/NewLevel.unity using Guid(7492f31545d800143971ddce28c0fca1) Importer(815301076,1909f56bfc062723c751e8b465ee728b)  -> (artifact id: '61897a80a8bb4a866fc9c427f8810323') in 0.014025 seconds
  Import took 0.017103 seconds .

========================================================================
Received Import Request.
  Time since last request: 68.718632 seconds.
  path: Assets/NewGame/NewLevel.unity
  artifactKey: Guid(7492f31545d800143971ddce28c0fca1) Importer(815301076,1909f56bfc062723c751e8b465ee728b)
Start importing Assets/NewGame/NewLevel.unity using Guid(7492f31545d800143971ddce28c0fca1) Importer(815301076,1909f56bfc062723c751e8b465ee728b)  -> (artifact id: '2e706b90fb83d3c3ee61ec1e461baa36') in 0.002520 seconds
  Import took 0.005290 seconds .

========================================================================
Received Prepare
Registering precompiled user dll's ...
Registered in 0.004364 seconds.
Begin MonoManager ReloadAssembly
Native extension for WindowsStandalone target not found
Native extension for WebGL target not found
Refreshing native plugins compatible for Editor in 0.53 ms, found 0 plugins.
Preloading 0 native plugins for Editor in 0.00 ms.
Invoked RoslynAnalysisRunner static constructor.
RoslynAnalysisRunner will not be running.
RoslynAnalysisRunner has terminated.
Mono: successfully reloaded assembly
- Completed reload, in  0.883 seconds
Platform modules already initialized, skipping
Refreshing native plugins compatible for Editor in 0.59 ms, found 0 plugins.
Preloading 0 native plugins for Editor in 0.00 ms.
Unloading 1890 Unused Serialized files (Serialized files now loaded: 0)
System memory in use before: 83.5 MB.
System memory in use after: 83.6 MB.

Unloading 29 unused Assets to reduce memory usage. Loaded Objects now: 2349.
Total: 2.054800 ms (FindLiveObjects: 0.293200 ms CreateObjectMapping: 0.120500 ms MarkObjects: 1.614900 ms  DeleteObjects: 0.024300 ms)

========================================================================
Received Import Request.
  Time since last request: 151.276463 seconds.
  path: Assets/Prefabs/YellowNote.prefab
  artifactKey: Guid(1dc6b0f57425d4147bb33facb43f3930) Importer(815301076,1909f56bfc062723c751e8b465ee728b)
Start importing Assets/Prefabs/YellowNote.prefab using Guid(1dc6b0f57425d4147bb33facb43f3930) Importer(815301076,1909f56bfc062723c751e8b465ee728b)  -> (artifact id: 'e8b82504c7f663b246d66c058f15ccad') in 0.059459 seconds
  Import took 0.062401 seconds .

========================================================================
Received Import Request.
  Time since last request: 62.580173 seconds.
  path: Assets/Scenes/Level.unity
  artifactKey: Guid(7492f31545d800143971ddce28c0fca1) Importer(815301076,1909f56bfc062723c751e8b465ee728b)
Start importing Assets/Scenes/Level.unity using Guid(7492f31545d800143971ddce28c0fca1) Importer(815301076,1909f56bfc062723c751e8b465ee728b)  -> (artifact id: 'ee10ab462383bf28348379e084b30e52') in 0.008279 seconds
  Import took 0.011219 seconds .

========================================================================
Received Import Request.
  Time since last request: 3.200109 seconds.
  path: Assets/Scenes/Menu.unity
  artifactKey: Guid(5c024c13d8f6e8544b58f45e10db835d) Importer(815301076,1909f56bfc062723c751e8b465ee728b)
Start importing Assets/Scenes/Menu.unity using Guid(5c024c13d8f6e8544b58f45e10db835d) Importer(815301076,1909f56bfc062723c751e8b465ee728b)  -> (artifact id: '0c410b22112d6b49cbd289ec2d498bfe') in 0.006025 seconds
  Import took 0.008953 seconds .

========================================================================
Received Import Request.
  Time since last request: 65.843552 seconds.
  path: Assets/NewGame/ScanSongs.cs
  artifactKey: Guid(107124878bc0e7849b2bc041ad4b0cba) Importer(815301076,1909f56bfc062723c751e8b465ee728b)
Start importing Assets/NewGame/ScanSongs.cs using Guid(107124878bc0e7849b2bc041ad4b0cba) Importer(815301076,1909f56bfc062723c751e8b465ee728b)  -> (artifact id: '5d6eb1381067660a609c5d14d28c962a') in 0.009708 seconds
  Import took 0.012443 seconds .

========================================================================
Received Import Request.
  Time since last request: 0.015795 seconds.
  path: Assets/NewGame/ScanSongs.cs
  artifactKey: Guid(107124878bc0e7849b2bc041ad4b0cba) Importer(815301076,1909f56bfc062723c751e8b465ee728b)
Start importing Assets/NewGame/ScanSongs.cs using Guid(107124878bc0e7849b2bc041ad4b0cba) Importer(815301076,1909f56bfc062723c751e8b465ee728b)  -> (artifact id: '5d6eb1381067660a609c5d14d28c962a') in 0.002485 seconds
  Import took 0.005196 seconds .

========================================================================
Received Prepare
Registering precompiled user dll's ...
Registered in 0.003919 seconds.
Begin MonoManager ReloadAssembly
Native extension for WindowsStandalone target not found
Native extension for WebGL target not found
Refreshing native plugins compatible for Editor in 0.51 ms, found 0 plugins.
Preloading 0 native plugins for Editor in 0.00 ms.
Invoked RoslynAnalysisRunner static constructor.
RoslynAnalysisRunner will not be running.
RoslynAnalysisRunner has terminated.
Mono: successfully reloaded assembly
- Completed reload, in  0.800 seconds
Platform modules already initialized, skipping
Refreshing native plugins compatible for Editor in 0.51 ms, found 0 plugins.
Preloading 0 native plugins for Editor in 0.00 ms.
Unloading 1890 Unused Serialized files (Serialized files now loaded: 0)
System memory in use before: 83.9 MB.
System memory in use after: 84.0 MB.

Unloading 29 unused Assets to reduce memory usage. Loaded Objects now: 2351.
Total: 1.857000 ms (FindLiveObjects: 0.204500 ms CreateObjectMapping: 0.043600 ms MarkObjects: 1.583200 ms  DeleteObjects: 0.025000 ms)

========================================================================
Received Import Request.
  Time since last request: 52.140677 seconds.
  path: Assets/NewGame/Example Image.png
  artifactKey: Guid(badbe4e3323697f41b1269dc44361e12) Importer(815301076,1909f56bfc062723c751e8b465ee728b)
Start importing Assets/NewGame/Example Image.png using Guid(badbe4e3323697f41b1269dc44361e12) Importer(815301076,1909f56bfc062723c751e8b465ee728b)  -> (artifact id: '3d10b85b4a577e2c3b762389f58d0b0e') in 0.085616 seconds
  Import took 0.088665 seconds .

========================================================================
Received Import Request.
  Time since last request: 20.771754 seconds.
  path: Assets/NewGame/Animation
  artifactKey: Guid(ec1da6f08a919e1448d5a543e4906177) Importer(815301076,1909f56bfc062723c751e8b465ee728b)
Start importing Assets/NewGame/Animation using Guid(ec1da6f08a919e1448d5a543e4906177) Importer(815301076,1909f56bfc062723c751e8b465ee728b)  -> (artifact id: 'e9cd6bae48572d7d4003255888ad3240') in 0.007012 seconds
  Import took 0.010724 seconds .

========================================================================
Received Import Request.
  Time since last request: 23.983214 seconds.
  path: Assets/New Folder
  artifactKey: Guid(46c938811f48d2a4189198afd984fef6) Importer(815301076,1909f56bfc062723c751e8b465ee728b)
Start importing Assets/New Folder using Guid(46c938811f48d2a4189198afd984fef6) Importer(815301076,1909f56bfc062723c751e8b465ee728b)  -> (artifact id: 'e2ab135aaec066b6e2d1a12915d70fd1') in 0.006590 seconds
  Import took 0.009625 seconds .

========================================================================
Received Import Request.
  Time since last request: 0.000295 seconds.
  path: Assets/New Folder
  artifactKey: Guid(46c938811f48d2a4189198afd984fef6) Importer(815301076,1909f56bfc062723c751e8b465ee728b)
Start importing Assets/New Folder using Guid(46c938811f48d2a4189198afd984fef6) Importer(815301076,1909f56bfc062723c751e8b465ee728b)  -> (artifact id: 'e2ab135aaec066b6e2d1a12915d70fd1') in 0.002260 seconds
  Import took 0.004788 seconds .

========================================================================
Received Import Request.
  Time since last request: 85.667725 seconds.
  path: Assets/Datas
  artifactKey: Guid(ea5cf695d95b0f447b6b2db30989424f) Importer(815301076,1909f56bfc062723c751e8b465ee728b)
Start importing Assets/Datas using Guid(ea5cf695d95b0f447b6b2db30989424f) Importer(815301076,1909f56bfc062723c751e8b465ee728b)  -> (artifact id: '031715473a8916d57082e3f21d1016fe') in 0.008406 seconds
  Import took 0.012535 seconds .

========================================================================
Received Import Request.
  Time since last request: 2.613877 seconds.
  path: Assets/SelectSong.cs
  artifactKey: Guid(5e7db3536f06090489a3f0b1167e21d6) Importer(815301076,1909f56bfc062723c751e8b465ee728b)
Start importing Assets/SelectSong.cs using Guid(5e7db3536f06090489a3f0b1167e21d6) Importer(815301076,1909f56bfc062723c751e8b465ee728b)  -> (artifact id: '56a001236c19fcd1758fdddc08253189') in 0.006408 seconds
  Import took 0.009576 seconds .

========================================================================
Received Import Request.
  Time since last request: 0.001309 seconds.
  path: Assets/SelectSong.cs
  artifactKey: Guid(5e7db3536f06090489a3f0b1167e21d6) Importer(815301076,1909f56bfc062723c751e8b465ee728b)
Start importing Assets/SelectSong.cs using Guid(5e7db3536f06090489a3f0b1167e21d6) Importer(815301076,1909f56bfc062723c751e8b465ee728b)  -> (artifact id: '56a001236c19fcd1758fdddc08253189') in 0.002383 seconds
  Import took 0.005527 seconds .

========================================================================
Received Prepare
Registering precompiled user dll's ...
Registered in 0.003746 seconds.
Begin MonoManager ReloadAssembly
Native extension for WindowsStandalone target not found
Native extension for WebGL target not found
Refreshing native plugins compatible for Editor in 0.50 ms, found 0 plugins.
Preloading 0 native plugins for Editor in 0.00 ms.
Invoked RoslynAnalysisRunner static constructor.
RoslynAnalysisRunner will not be running.
RoslynAnalysisRunner has terminated.
Mono: successfully reloaded assembly
- Completed reload, in  0.758 seconds
Platform modules already initialized, skipping
Refreshing native plugins compatible for Editor in 0.50 ms, found 0 plugins.
Preloading 0 native plugins for Editor in 0.00 ms.
Unloading 1890 Unused Serialized files (Serialized files now loaded: 0)
System memory in use before: 87.2 MB.
System memory in use after: 87.3 MB.

Unloading 29 unused Assets to reduce memory usage. Loaded Objects now: 2359.
Total: 1.833500 ms (FindLiveObjects: 0.224600 ms CreateObjectMapping: 0.047100 ms MarkObjects: 1.535600 ms  DeleteObjects: 0.024700 ms)

========================================================================
Received Import Request.
  Time since last request: 53.354335 seconds.
  path: Assets/Scripts/NoteHit.cs
  artifactKey: Guid(5af22f2305d08b848afd301a80e9ac61) Importer(815301076,1909f56bfc062723c751e8b465ee728b)
Start importing Assets/Scripts/NoteHit.cs using Guid(5af22f2305d08b848afd301a80e9ac61) Importer(815301076,1909f56bfc062723c751e8b465ee728b)  -> (artifact id: '4c85f7739ca0caec9f0e1cffe82c12bc') in 0.009426 seconds
  Import took 0.012300 seconds .

========================================================================
Received Import Request.
  Time since last request: 0.000294 seconds.
  path: Assets/Scripts/NoteHit.cs
  artifactKey: Guid(5af22f2305d08b848afd301a80e9ac61) Importer(815301076,1909f56bfc062723c751e8b465ee728b)
Start importing Assets/Scripts/NoteHit.cs using Guid(5af22f2305d08b848afd301a80e9ac61) Importer(815301076,1909f56bfc062723c751e8b465ee728b)  -> (artifact id: '4c85f7739ca0caec9f0e1cffe82c12bc') in 0.002225 seconds
  Import took 0.005149 seconds .

========================================================================
Received Import Request.
  Time since last request: 7.471105 seconds.
  path: Assets/OLD SCRIPTS
  artifactKey: Guid(aa62495de9b94184a943dd4b3e0a4fbe) Importer(815301076,1909f56bfc062723c751e8b465ee728b)
Start importing Assets/OLD SCRIPTS using Guid(aa62495de9b94184a943dd4b3e0a4fbe) Importer(815301076,1909f56bfc062723c751e8b465ee728b)  -> (artifact id: '54ee5e84a024430a1d904d66d5874126') in 0.006359 seconds
  Import took 0.009708 seconds .

========================================================================
Received Prepare
Registering precompiled user dll's ...
Registered in 0.003503 seconds.
Begin MonoManager ReloadAssembly
Native extension for WindowsStandalone target not found
Native extension for WebGL target not found
Refreshing native plugins compatible for Editor in 0.55 ms, found 0 plugins.
Preloading 0 native plugins for Editor in 0.00 ms.
Invoked RoslynAnalysisRunner static constructor.
RoslynAnalysisRunner will not be running.
RoslynAnalysisRunner has terminated.
Mono: successfully reloaded assembly
- Completed reload, in  0.754 seconds
Platform modules already initialized, skipping
Refreshing native plugins compatible for Editor in 0.68 ms, found 0 plugins.
Preloading 0 native plugins for Editor in 0.00 ms.
Unloading 1890 Unused Serialized files (Serialized files now loaded: 0)
System memory in use before: 87.9 MB.
System memory in use after: 88.0 MB.

Unloading 29 unused Assets to reduce memory usage. Loaded Objects now: 2361.
Total: 1.872800 ms (FindLiveObjects: 0.296500 ms CreateObjectMapping: 0.046600 ms MarkObjects: 1.507600 ms  DeleteObjects: 0.021100 ms)

========================================================================
Received Prepare
Registering precompiled user dll's ...
Registered in 0.006510 seconds.
Begin MonoManager ReloadAssembly
Native extension for WindowsStandalone target not found
Native extension for WebGL target not found
Refreshing native plugins compatible for Editor in 0.56 ms, found 0 plugins.
Preloading 0 native plugins for Editor in 0.00 ms.
Invoked RoslynAnalysisRunner static constructor.
RoslynAnalysisRunner will not be running.
RoslynAnalysisRunner has terminated.
Mono: successfully reloaded assembly
- Completed reload, in  0.768 seconds
Platform modules already initialized, skipping
Refreshing native plugins compatible for Editor in 0.57 ms, found 0 plugins.
Preloading 0 native plugins for Editor in 0.00 ms.
Unloading 1890 Unused Serialized files (Serialized files now loaded: 0)
System memory in use before: 88.2 MB.
System memory in use after: 88.3 MB.

Unloading 29 unused Assets to reduce memory usage. Loaded Objects now: 2363.
Total: 1.886500 ms (FindLiveObjects: 0.199800 ms CreateObjectMapping: 0.085500 ms MarkObjects: 1.576100 ms  DeleteObjects: 0.023800 ms)

========================================================================
Received Prepare
Registering precompiled user dll's ...
Registered in 0.003525 seconds.
Begin MonoManager ReloadAssembly
Native extension for WindowsStandalone target not found
Native extension for WebGL target not found
Refreshing native plugins compatible for Editor in 0.77 ms, found 0 plugins.
Preloading 0 native plugins for Editor in 0.00 ms.
Invoked RoslynAnalysisRunner static constructor.
RoslynAnalysisRunner will not be running.
RoslynAnalysisRunner has terminated.
Mono: successfully reloaded assembly
- Completed reload, in  0.751 seconds
Platform modules already initialized, skipping
Refreshing native plugins compatible for Editor in 0.50 ms, found 0 plugins.
Preloading 0 native plugins for Editor in 0.00 ms.
Unloading 1890 Unused Serialized files (Serialized files now loaded: 0)
System memory in use before: 88.3 MB.
System memory in use after: 88.4 MB.

Unloading 29 unused Assets to reduce memory usage. Loaded Objects now: 2365.
Total: 2.151100 ms (FindLiveObjects: 0.297800 ms CreateObjectMapping: 0.073200 ms MarkObjects: 1.756000 ms  DeleteObjects: 0.023200 ms)

========================================================================
Received Prepare
Registering precompiled user dll's ...
Registered in 0.003533 seconds.
Begin MonoManager ReloadAssembly
Native extension for WindowsStandalone target not found
Native extension for WebGL target not found
Refreshing native plugins compatible for Editor in 0.51 ms, found 0 plugins.
Preloading 0 native plugins for Editor in 0.00 ms.
Invoked RoslynAnalysisRunner static constructor.
RoslynAnalysisRunner will not be running.
RoslynAnalysisRunner has terminated.
Mono: successfully reloaded assembly
- Completed reload, in  0.746 seconds
Platform modules already initialized, skipping
Refreshing native plugins compatible for Editor in 0.50 ms, found 0 plugins.
Preloading 0 native plugins for Editor in 0.00 ms.
Unloading 1890 Unused Serialized files (Serialized files now loaded: 0)
System memory in use before: 87.9 MB.
System memory in use after: 88.0 MB.

Unloading 29 unused Assets to reduce memory usage. Loaded Objects now: 2367.
Total: 1.710000 ms (FindLiveObjects: 0.221700 ms CreateObjectMapping: 0.043000 ms MarkObjects: 1.426600 ms  DeleteObjects: 0.017600 ms)

========================================================================
Received Import Request.
  Time since last request: 42.281462 seconds.
  path: Assets/Click.wav
  artifactKey: Guid(7822209b374cdc947bf04d6b6b7a1750) Importer(815301076,1909f56bfc062723c751e8b465ee728b)
Start importing Assets/Click.wav using Guid(7822209b374cdc947bf04d6b6b7a1750) Importer(815301076,1909f56bfc062723c751e8b465ee728b)  -> (artifact id: '86154daa7556515a5e58b3635d3054ed') in 0.056263 seconds
  Import took 0.059250 seconds .

AssetImportWorkerClient::OnTransportError - code=2 error=End of file
