Using pre-set license
Built from '2020.2/release' branch; Version is '2020.2.1f1 (270dd8c3da1c) revision 2559448'; Using compiler version '192528614'; Build Type 'Release'
OS: 'Windows 10  (10.0.0) 64bit' Language: 'en' Physical Memory: 16334 MB
BatchMode: 1, IsHumanControllingUs: 0, StartBugReporterOnCrash: 0, Is64bit: 1, IsPro: 0

 COMMAND LINE ARGUMENTS:
C:\Program Files\Unity\Hub\Editor\2020.2.1f1\Editor\Unity.exe
-adb2
-batchMode
-noUpm
-name
AssetImportWorker0
-projectPath
C:/Users/colli/Documents/Repos/Rockband/RB Unplugged
-logFile
Logs/AssetImportWorker0.log
-srvPort
64802
Successfully changed project path to: C:/Users/colli/Documents/Repos/Rockband/RB Unplugged
C:/Users/colli/Documents/Repos/Rockband/RB Unplugged
Using Asset Import Pipeline V2.
Refreshing native plugins compatible for Editor in 44.46 ms, found 0 plugins.
Preloading 0 native plugins for Editor in 0.00 ms.
Initialize engine version: 2020.2.1f1 (270dd8c3da1c)
[Subsystems] Discovering subsystems at path C:/Program Files/Unity/Hub/Editor/2020.2.1f1/Editor/Data/Resources/UnitySubsystems
[Subsystems] Discovering subsystems at path C:/Users/colli/Documents/Repos/Rockband/RB Unplugged/Assets
GfxDevice: creating device client; threaded=0
Direct3D:
    Version:  Direct3D 11.0 [level 11.1]
    Renderer: NVIDIA GeForce RTX 3060 Ti (ID=0x2486)
    Vendor:   
    VRAM:     8050 MB
    Driver:   27.21.14.6611
Initialize mono
Mono path[0] = 'C:/Program Files/Unity/Hub/Editor/2020.2.1f1/Editor/Data/Managed'
Mono path[1] = 'C:/Program Files/Unity/Hub/Editor/2020.2.1f1/Editor/Data/MonoBleedingEdge/lib/mono/unityjit'
Mono config path = 'C:/Program Files/Unity/Hub/Editor/2020.2.1f1/Editor/Data/MonoBleedingEdge/etc'
Using monoOptions --debugger-agent=transport=dt_socket,embedding=1,server=y,suspend=n,address=127.0.0.1:56524
Begin MonoManager ReloadAssembly
Registering precompiled unity dll's ...
Register platform support module: C:/Program Files/Unity/Hub/Editor/2020.2.1f1/Editor/Data/PlaybackEngines/WebGLSupport/UnityEditor.WebGL.Extensions.dll
Register platform support module: C:/Program Files/Unity/Hub/Editor/2020.2.1f1/Editor/Data/PlaybackEngines/WindowsStandaloneSupport/UnityEditor.WindowsStandalone.Extensions.dll
Registered in 0.002234 seconds.
Native extension for WindowsStandalone target not found
Native extension for WebGL target not found
Refreshing native plugins compatible for Editor in 39.18 ms, found 0 plugins.
Preloading 0 native plugins for Editor in 0.00 ms.
Invoked RoslynAnalysisRunner static constructor.
RoslynAnalysisRunner will not be running.
RoslynAnalysisRunner has terminated.
Mono: successfully reloaded assembly
- Completed reload, in  1.025 seconds
Platform modules already initialized, skipping
Registering precompiled user dll's ...
Registered in 0.003389 seconds.
Begin MonoManager ReloadAssembly
Native extension for WindowsStandalone target not found
Native extension for WebGL target not found
Refreshing native plugins compatible for Editor in 0.48 ms, found 0 plugins.
Preloading 0 native plugins for Editor in 0.00 ms.
Invoked RoslynAnalysisRunner static constructor.
RoslynAnalysisRunner will not be running.
RoslynAnalysisRunner has terminated.
Mono: successfully reloaded assembly
- Completed reload, in  0.752 seconds
Platform modules already initialized, skipping
========================================================================
Worker process is ready to serve import requests
Launched and connected shader compiler UnityShaderCompiler.exe after 0.03 seconds
Refreshing native plugins compatible for Editor in 0.46 ms, found 0 plugins.
Preloading 0 native plugins for Editor in 0.00 ms.
Unloading 1898 Unused Serialized files (Serialized files now loaded: 0)
System memory in use before: 84.2 MB.
System memory in use after: 84.3 MB.

Unloading 37 unused Assets to reduce memory usage. Loaded Objects now: 2330.
Total: 2.114200 ms (FindLiveObjects: 0.221900 ms CreateObjectMapping: 0.042300 ms MarkObjects: 1.773100 ms  DeleteObjects: 0.075900 ms)

========================================================================
Received Import Request.
  path: Assets/Prefabs/BlueNote.prefab
  artifactKey: Guid(a608cb8c0d475e442b9a6644ccc3fac1) Importer(815301076,1909f56bfc062723c751e8b465ee728b)
Start importing Assets/Prefabs/BlueNote.prefab using Guid(a608cb8c0d475e442b9a6644ccc3fac1) Importer(815301076,1909f56bfc062723c751e8b465ee728b)  -> (artifact id: '2e2ee88a97e09fed13dafc386b3fe903') in 0.047982 seconds
  Import took 0.050923 seconds .

========================================================================
Received Import Request.
  Time since last request: 4.023816 seconds.
  path: Assets/Prefabs/RedNote.prefab
  artifactKey: Guid(7d5148b32adefe543ac6aab3a5edfb75) Importer(815301076,1909f56bfc062723c751e8b465ee728b)
Start importing Assets/Prefabs/RedNote.prefab using Guid(7d5148b32adefe543ac6aab3a5edfb75) Importer(815301076,1909f56bfc062723c751e8b465ee728b)  -> (artifact id: '26ef1a6d6278322f6360e8636e1b2e7c') in 0.005757 seconds
  Import took 0.008775 seconds .

========================================================================
Received Import Request.
  Time since last request: 0.015333 seconds.
  path: Assets/Prefabs/GreenNote.prefab
  artifactKey: Guid(d025bb0a2af4e0341a845572c6c682b2) Importer(815301076,1909f56bfc062723c751e8b465ee728b)
Start importing Assets/Prefabs/GreenNote.prefab using Guid(d025bb0a2af4e0341a845572c6c682b2) Importer(815301076,1909f56bfc062723c751e8b465ee728b)  -> (artifact id: 'b26a3fbd50d09906414b480e7086373b') in 0.003835 seconds
  Import took 0.006644 seconds .

========================================================================
Received Import Request.
  Time since last request: 0.000185 seconds.
  path: Assets/Prefabs/YellowNote.prefab
  artifactKey: Guid(1dc6b0f57425d4147bb33facb43f3930) Importer(815301076,1909f56bfc062723c751e8b465ee728b)
Start importing Assets/Prefabs/YellowNote.prefab using Guid(1dc6b0f57425d4147bb33facb43f3930) Importer(815301076,1909f56bfc062723c751e8b465ee728b)  -> (artifact id: '84cf21aef322ec6eb16dfb0d1c180911') in 0.004167 seconds
  Import took 0.006977 seconds .

========================================================================
Received Import Request.
  Time since last request: 0.009204 seconds.
  path: Assets/Prefabs/YellowNote.prefab
  artifactKey: Guid(1dc6b0f57425d4147bb33facb43f3930) Importer(815301076,1909f56bfc062723c751e8b465ee728b)
Start importing Assets/Prefabs/YellowNote.prefab using Guid(1dc6b0f57425d4147bb33facb43f3930) Importer(815301076,1909f56bfc062723c751e8b465ee728b)  -> (artifact id: '84cf21aef322ec6eb16dfb0d1c180911') in 0.003752 seconds
  Import took 0.006732 seconds .

========================================================================
Received Import Request.
  Time since last request: 0.149150 seconds.
  path: Assets/Prefabs/RedNote.prefab
  artifactKey: Guid(7d5148b32adefe543ac6aab3a5edfb75) Importer(815301076,1909f56bfc062723c751e8b465ee728b)
Start importing Assets/Prefabs/RedNote.prefab using Guid(7d5148b32adefe543ac6aab3a5edfb75) Importer(815301076,1909f56bfc062723c751e8b465ee728b)  -> (artifact id: '3263691a2eac4b7b713b68cb4b3a60a5') in 0.006088 seconds
  Import took 0.009231 seconds .

========================================================================
Received Import Request.
  Time since last request: 0.014428 seconds.
  path: Assets/Prefabs/GreenNote.prefab
  artifactKey: Guid(d025bb0a2af4e0341a845572c6c682b2) Importer(815301076,1909f56bfc062723c751e8b465ee728b)
Start importing Assets/Prefabs/GreenNote.prefab using Guid(d025bb0a2af4e0341a845572c6c682b2) Importer(815301076,1909f56bfc062723c751e8b465ee728b)  -> (artifact id: '546e0778b511141d37734fcc29826e58') in 0.003670 seconds
  Import took 0.006574 seconds .

========================================================================
Received Import Request.
  Time since last request: 0.000143 seconds.
  path: Assets/Prefabs/YellowNote.prefab
  artifactKey: Guid(1dc6b0f57425d4147bb33facb43f3930) Importer(815301076,1909f56bfc062723c751e8b465ee728b)
Start importing Assets/Prefabs/YellowNote.prefab using Guid(1dc6b0f57425d4147bb33facb43f3930) Importer(815301076,1909f56bfc062723c751e8b465ee728b)  -> (artifact id: 'fcc0636bfaeceb39a371e3d026c7b9e0') in 0.003584 seconds
  Import took 0.006148 seconds .

========================================================================
Received Import Request.
  Time since last request: 0.011002 seconds.
  path: Assets/Prefabs/YellowNote.prefab
  artifactKey: Guid(1dc6b0f57425d4147bb33facb43f3930) Importer(815301076,1909f56bfc062723c751e8b465ee728b)
Start importing Assets/Prefabs/YellowNote.prefab using Guid(1dc6b0f57425d4147bb33facb43f3930) Importer(815301076,1909f56bfc062723c751e8b465ee728b)  -> (artifact id: 'fcc0636bfaeceb39a371e3d026c7b9e0') in 0.003944 seconds
  Import took 0.006839 seconds .

========================================================================
Received Prepare
Registering precompiled user dll's ...
Registered in 0.004351 seconds.
Begin MonoManager ReloadAssembly
Native extension for WindowsStandalone target not found
Native extension for WebGL target not found
Refreshing native plugins compatible for Editor in 0.52 ms, found 0 plugins.
Preloading 0 native plugins for Editor in 0.00 ms.
Invoked RoslynAnalysisRunner static constructor.
RoslynAnalysisRunner will not be running.
RoslynAnalysisRunner has terminated.
Mono: successfully reloaded assembly
- Completed reload, in  0.737 seconds
Platform modules already initialized, skipping
Refreshing native plugins compatible for Editor in 0.51 ms, found 0 plugins.
Preloading 0 native plugins for Editor in 0.00 ms.
Unloading 1873 Unused Serialized files (Serialized files now loaded: 0)
System memory in use before: 82.9 MB.
System memory in use after: 83.0 MB.

Unloading 28 unused Assets to reduce memory usage. Loaded Objects now: 2332.
Total: 1.597700 ms (FindLiveObjects: 0.200500 ms CreateObjectMapping: 0.041800 ms MarkObjects: 1.338700 ms  DeleteObjects: 0.015800 ms)

========================================================================
Received Import Request.
  Time since last request: 57.077358 seconds.
  path: Assets/Prefabs/RedNote.prefab
  artifactKey: Guid(7d5148b32adefe543ac6aab3a5edfb75) Importer(815301076,1909f56bfc062723c751e8b465ee728b)
Start importing Assets/Prefabs/RedNote.prefab using Guid(7d5148b32adefe543ac6aab3a5edfb75) Importer(815301076,1909f56bfc062723c751e8b465ee728b)  -> (artifact id: 'cafcde8ab5223031f837a95cf8170f7b') in 0.027948 seconds
  Import took 0.030832 seconds .

========================================================================
Received Import Request.
  Time since last request: 0.000238 seconds.
  path: Assets/Prefabs/BlueNote.prefab
  artifactKey: Guid(a608cb8c0d475e442b9a6644ccc3fac1) Importer(815301076,1909f56bfc062723c751e8b465ee728b)
Start importing Assets/Prefabs/BlueNote.prefab using Guid(a608cb8c0d475e442b9a6644ccc3fac1) Importer(815301076,1909f56bfc062723c751e8b465ee728b)  -> (artifact id: 'f3a77fe23b229bff5d48765b48b020c8') in 0.003550 seconds
  Import took 0.005900 seconds .

========================================================================
Received Import Request.
  Time since last request: 0.000183 seconds.
  path: Assets/Prefabs/Fret.prefab
  artifactKey: Guid(9f6a9d19dc6b2ac47a5e2e73d71fe0c3) Importer(815301076,1909f56bfc062723c751e8b465ee728b)
Start importing Assets/Prefabs/Fret.prefab using Guid(9f6a9d19dc6b2ac47a5e2e73d71fe0c3) Importer(815301076,1909f56bfc062723c751e8b465ee728b)  -> (artifact id: 'ed7dfffb833a816c47b3f5f9de4212bb') in 0.050710 seconds
  Import took 0.053593 seconds .

========================================================================
Received Import Request.
  Time since last request: 0.000187 seconds.
  path: Assets/Prefabs/GreenNote.prefab
  artifactKey: Guid(d025bb0a2af4e0341a845572c6c682b2) Importer(815301076,1909f56bfc062723c751e8b465ee728b)
Start importing Assets/Prefabs/GreenNote.prefab using Guid(d025bb0a2af4e0341a845572c6c682b2) Importer(815301076,1909f56bfc062723c751e8b465ee728b)  -> (artifact id: '19a9641da25ea205a3d7073c84f3e8b4') in 0.004054 seconds
  Import took 0.006785 seconds .

========================================================================
Received Import Request.
  Time since last request: 0.000154 seconds.
  path: Assets/Prefabs/YellowNote.prefab
  artifactKey: Guid(1dc6b0f57425d4147bb33facb43f3930) Importer(815301076,1909f56bfc062723c751e8b465ee728b)
Start importing Assets/Prefabs/YellowNote.prefab using Guid(1dc6b0f57425d4147bb33facb43f3930) Importer(815301076,1909f56bfc062723c751e8b465ee728b)  -> (artifact id: '005b9cea318f008e9710f2750905c141') in 0.003522 seconds
  Import took 0.006329 seconds .

========================================================================
Received Import Request.
  Time since last request: 0.000192 seconds.
  path: Assets/Prefabs/LongDouble.prefab
  artifactKey: Guid(e2f1e907f5155b74580b9e893fd8b4cc) Importer(815301076,1909f56bfc062723c751e8b465ee728b)
Start importing Assets/Prefabs/LongDouble.prefab using Guid(e2f1e907f5155b74580b9e893fd8b4cc) Importer(815301076,1909f56bfc062723c751e8b465ee728b)  -> (artifact id: 'ef81df3b40e3b430acaa97c6189e975b') in 0.011884 seconds
  Import took 0.014380 seconds .

========================================================================
Received Import Request.
  Time since last request: 0.000194 seconds.
  path: Assets/Prefabs/ShortDouble.prefab
  artifactKey: Guid(3c34a7d0e8f734d47ba6bb8f984f33b5) Importer(815301076,1909f56bfc062723c751e8b465ee728b)
Start importing Assets/Prefabs/ShortDouble.prefab using Guid(3c34a7d0e8f734d47ba6bb8f984f33b5) Importer(815301076,1909f56bfc062723c751e8b465ee728b)  -> (artifact id: '3e4e38c5f1d1a9ecc62d59111abd839f') in 0.010970 seconds
  Import took 0.014232 seconds .

========================================================================
Received Import Request.
  Time since last request: 0.000199 seconds.
  path: Assets/Prefabs/NormalDouble.prefab
  artifactKey: Guid(33d21bb582e6a9c43a95580cc71e67f2) Importer(815301076,1909f56bfc062723c751e8b465ee728b)
Start importing Assets/Prefabs/NormalDouble.prefab using Guid(33d21bb582e6a9c43a95580cc71e67f2) Importer(815301076,1909f56bfc062723c751e8b465ee728b)  -> (artifact id: '250cf34395d7da1f98f76c95b2382892') in 0.012193 seconds
  Import took 0.015085 seconds .

